<?xml version="1.0" encoding="UTF-8"?>
<!-- Generated by org.testng.reporters.JUnitReportReporter -->
<testsuite hostname="LAPTOP-TKD45B3R" failures="0" tests="1" name="testPages.HomePageTest" time="21.099" errors="0" timestamp="2023-01-26T19:12:07 EST" skipped="0">
  <testcase classname="testPages.HomePageTest" name="startAQuoteTest" time="21.099"/>
  <system-out/>
</testsuite> <!-- testPages.HomePageTest -->
