<?xml version="1.0" encoding="UTF-8"?>
<!-- Generated by org.testng.reporters.JUnitReportReporter -->
<testsuite hostname="LAPTOP-TKD45B3R" failures="0" tests="2" name="statefirm.tdd.test.auto.PetQuoteTest" time="16.552" errors="0" timestamp="2023-02-16T23:20:54 EST" skipped="1">
  <testcase classname="statefirm.tdd.test.auto.PetQuoteTest" name="AddressPageTest" time="16.552"/>
  <system-out>
    <![CDATA[PetInsurance <--- This value has been passed into ---> [[ChromeDriver: chrome on WINDOWS (c83e20239575b944abd680acf788d0b8)] -> xpath: //select[@id='popDropdown']]<br>]]>
  </system-out>
  <testcase classname="statefirm.tdd.test.auto.PetQuoteTest" name="getAQuoteTest">
    <skipped/>
  </testcase> <!-- getAQuoteTest -->
  <system-out/>
</testsuite> <!-- statefirm.tdd.test.auto.PetQuoteTest -->
