<?xml version="1.0" encoding="UTF-8"?>
<!-- Generated by org.testng.reporters.JUnitReportReporter -->
<testsuite hostname="LAPTOP-TKD45B3R" failures="0" tests="2" name="statefirm.tdd.test.auto.AutoQuoteTest" time="21.935" errors="0" timestamp="2023-02-20T22:24:16 EST" skipped="1">
  <testcase classname="statefirm.tdd.test.auto.AutoQuoteTest" name="getAQuoteTest" time="21.935"/>
  <system-out>
    <![CDATA[Validating ----> Actual : ***Create an affordable price, just for you*** Expected :***Create an affordable price, just for you***<br>
30340 <--- This value has been passed into ---> [[ChromeDriver: chrome on WINDOWS (6bd613b6adc6b7583992a4762e59f1c7)] -> xpath: //input[@id='quote-main-zip-code-input']]<br>
[[ChromeDriver: chrome on WINDOWS (6bd613b6adc6b7583992a4762e59f1c7)] -> id: quote-main-zip-btn]---->has been clicked<br>]]>
  </system-out>
  <testcase classname="statefirm.tdd.test.auto.AutoQuoteTest" name="AddressPageTest">
    <skipped/>
  </testcase> <!-- AddressPageTest -->
  <system-out/>
</testsuite> <!-- statefirm.tdd.test.auto.AutoQuoteTest -->
